Using pre-set license
Built from '2020.2/release' branch; Version is '2020.2.2f1 (068178b99f32) revision 426360'; Using compiler version '192528614'; Build Type 'Release'
OS: 'Windows 10 Enterprise; OS build 18363.1556; Version 1909; 64bit' Language: 'en' Physical Memory: 8072 MB
BatchMode: 1, IsHumanControllingUs: 0, StartBugReporterOnCrash: 0, Is64bit: 1, IsPro: 0

 COMMAND LINE ARGUMENTS:
C:\Program Files\Unity\Hub\Editor\2020.2.2f1\Editor\Unity.exe
-adb2
-batchMode
-noUpm
-name
AssetImportWorker0
-projectPath
C:/Users/jordan.garland1/Documents/GitHub/Overplay
-logFile
Logs/AssetImportWorker0.log
-srvPort
59119
Successfully changed project path to: C:/Users/jordan.garland1/Documents/GitHub/Overplay
C:/Users/jordan.garland1/Documents/GitHub/Overplay
Using Asset Import Pipeline V2.
Refreshing native plugins compatible for Editor in 100.67 ms, found 1 plugins.
Preloading 0 native plugins for Editor in 0.00 ms.
Initialize engine version: 2020.2.2f1 (068178b99f32)
[Subsystems] Discovering subsystems at path C:/Program Files/Unity/Hub/Editor/2020.2.2f1/Editor/Data/Resources/UnitySubsystems
[Subsystems] Discovering subsystems at path C:/Users/jordan.garland1/Documents/GitHub/Overplay/Assets
GfxDevice: creating device client; threaded=0
Direct3D:
    Version:  Direct3D 11.0 [level 11.1]
    Renderer: Intel(R) HD Graphics 530 (ID=0x1912)
    Vendor:   
    VRAM:     4036 MB
    Driver:   26.20.100.7757
Initialize mono
Mono path[0] = 'C:/Program Files/Unity/Hub/Editor/2020.2.2f1/Editor/Data/Managed'
Mono path[1] = 'C:/Program Files/Unity/Hub/Editor/2020.2.2f1/Editor/Data/MonoBleedingEdge/lib/mono/unityjit'
Mono config path = 'C:/Program Files/Unity/Hub/Editor/2020.2.2f1/Editor/Data/MonoBleedingEdge/etc'
Using monoOptions --debugger-agent=transport=dt_socket,embedding=1,server=y,suspend=n,address=127.0.0.1:56536
Begin MonoManager ReloadAssembly
Registering precompiled unity dll's ...
Register platform support module: C:/Program Files/Unity/Hub/Editor/2020.2.2f1/Editor/Data/PlaybackEngines/WindowsStandaloneSupport/UnityEditor.WindowsStandalone.Extensions.dll
Registered in 0.003735 seconds.
Native extension for WindowsStandalone target not found
Refreshing native plugins compatible for Editor in 66.53 ms, found 1 plugins.
Preloading 0 native plugins for Editor in 0.00 ms.
Invoked RoslynAnalysisRunner static constructor.
RoslynAnalysisRunner will not be running.
RoslynAnalysisRunner has terminated.
Mono: successfully reloaded assembly
- Completed reload, in  2.197 seconds
Platform modules already initialized, skipping
Registering precompiled user dll's ...
Registered in 0.003828 seconds.
Begin MonoManager ReloadAssembly
Native extension for WindowsStandalone target not found
Refreshing native plugins compatible for Editor in 43.01 ms, found 1 plugins.
Preloading 0 native plugins for Editor in 0.00 ms.
Invoked RoslynAnalysisRunner static constructor.
RoslynAnalysisRunner will not be running.
RoslynAnalysisRunner has terminated.
Mono: successfully reloaded assembly
- Completed reload, in  1.489 seconds
Platform modules already initialized, skipping
========================================================================
Worker process is ready to serve import requests
Launched and connected shader compiler UnityShaderCompiler.exe after 0.09 seconds
Refreshing native plugins compatible for Editor in 0.50 ms, found 1 plugins.
Preloading 0 native plugins for Editor in 0.00 ms.
Unloading 1939 Unused Serialized files (Serialized files now loaded: 0)
System memory in use before: 90.0 MB.
System memory in use after: 90.1 MB.

Unloading 20 unused Assets to reduce memory usage. Loaded Objects now: 2387.
Total: 3.037100 ms (FindLiveObjects: 0.185700 ms CreateObjectMapping: 0.083500 ms MarkObjects: 2.615100 ms  DeleteObjects: 0.151700 ms)

========================================================================
Received Import Request.
  path: Assets/overPlay/Scenes/Transparent Window Example Scene.unity
  artifactKey: Guid(d6c5a94ebcac70f40a8dbd68cd080b75) Importer(815301076,1909f56bfc062723c751e8b465ee728b)
Start importing Assets/overPlay/Scenes/Transparent Window Example Scene.unity using Guid(d6c5a94ebcac70f40a8dbd68cd080b75) Importer(815301076,1909f56bfc062723c751e8b465ee728b)  -> (artifact id: '6b3ddc6d3b06f4677406e81525c78aec') in 0.022872 seconds
  Import took 0.026858 seconds .

========================================================================
Received Import Request.
  Time since last request: 0.000603 seconds.
  path: Assets/ScreenPet/Scenes/ScreenPet.unity
  artifactKey: Guid(737f4d5abc4fc604c863a83a08381b2c) Importer(815301076,1909f56bfc062723c751e8b465ee728b)
Start importing Assets/ScreenPet/Scenes/ScreenPet.unity using Guid(737f4d5abc4fc604c863a83a08381b2c) Importer(815301076,1909f56bfc062723c751e8b465ee728b)  -> (artifact id: 'ff142312b7bbf2f8d1c651eade2319e3') in 0.012763 seconds
  Import took 0.018941 seconds .

========================================================================
Received Prepare
Refreshing native plugins compatible for Editor in 2.71 ms, found 1 plugins.
Preloading 0 native plugins for Editor in 0.00 ms.
Unloading 6 Unused Serialized files (Serialized files now loaded: 0)
System memory in use before: 51.3 MB.
System memory in use after: 51.4 MB.

Unloading 6 unused Assets to reduce memory usage. Loaded Objects now: 2387.
Total: 3.520900 ms (FindLiveObjects: 0.279500 ms CreateObjectMapping: 0.120200 ms MarkObjects: 3.099100 ms  DeleteObjects: 0.020700 ms)

========================================================================
Received Import Request.
  Time since last request: 524.854144 seconds.
  path: Assets/ScreenPet/VCR_OSD_MONO_1.001.ttf
  artifactKey: Guid(92f10541fb381ae4aaa141febbb2e293) Importer(815301076,1909f56bfc062723c751e8b465ee728b)
Start importing Assets/ScreenPet/VCR_OSD_MONO_1.001.ttf using Guid(92f10541fb381ae4aaa141febbb2e293) Importer(815301076,1909f56bfc062723c751e8b465ee728b)  -> (artifact id: '627de10ae9c660f7c7bb487c2172c1ec') in 0.264789 seconds
  Import took 0.272486 seconds .

========================================================================
Received Import Request.
  Time since last request: 1159.464129 seconds.
  path: Assets/ScreenPet/Sprites
  artifactKey: Guid(a7ebd89e26a405741b1b3d5ac14e918c) Importer(815301076,1909f56bfc062723c751e8b465ee728b)
Start importing Assets/ScreenPet/Sprites using Guid(a7ebd89e26a405741b1b3d5ac14e918c) Importer(815301076,1909f56bfc062723c751e8b465ee728b)  -> (artifact id: 'e1d57d349ac60fb566c4717bdf56b891') in 0.030638 seconds
  Import took 0.051165 seconds .

========================================================================
Received Prepare
Registering precompiled user dll's ...
Registered in 0.008359 seconds.
Begin MonoManager ReloadAssembly
Native extension for WindowsStandalone target not found
Refreshing native plugins compatible for Editor in 1.27 ms, found 1 plugins.
Preloading 0 native plugins for Editor in 0.00 ms.
Invoked RoslynAnalysisRunner static constructor.
RoslynAnalysisRunner will not be running.
RoslynAnalysisRunner has terminated.
Mono: successfully reloaded assembly
- Completed reload, in  3.245 seconds
Platform modules already initialized, skipping
Refreshing native plugins compatible for Editor in 2.15 ms, found 1 plugins.
Preloading 0 native plugins for Editor in 0.00 ms.
Unloading 1938 Unused Serialized files (Serialized files now loaded: 0)
System memory in use before: 94.8 MB.
System memory in use after: 94.3 MB.

Unloading 21 unused Assets to reduce memory usage. Loaded Objects now: 2434.
Total: 14.059500 ms (FindLiveObjects: 3.974200 ms CreateObjectMapping: 4.571200 ms MarkObjects: 5.039600 ms  DeleteObjects: 0.469100 ms)

========================================================================
Received Prepare
Registering precompiled user dll's ...
Registered in 0.007361 seconds.
Begin MonoManager ReloadAssembly
Native extension for WindowsStandalone target not found
Refreshing native plugins compatible for Editor in 15.91 ms, found 1 plugins.
Preloading 0 native plugins for Editor in 0.00 ms.
Invoked RoslynAnalysisRunner static constructor.
RoslynAnalysisRunner will not be running.
RoslynAnalysisRunner has terminated.
Mono: successfully reloaded assembly
- Completed reload, in  5.907 seconds
Platform modules already initialized, skipping
Refreshing native plugins compatible for Editor in 0.51 ms, found 1 plugins.
Preloading 0 native plugins for Editor in 0.00 ms.
Unloading 1938 Unused Serialized files (Serialized files now loaded: 0)
System memory in use before: 95.0 MB.
System memory in use after: 94.5 MB.

Unloading 21 unused Assets to reduce memory usage. Loaded Objects now: 2437.
Total: 4.015900 ms (FindLiveObjects: 0.292800 ms CreateObjectMapping: 0.119000 ms MarkObjects: 2.630400 ms  DeleteObjects: 0.971200 ms)

========================================================================
Received Prepare
Registering precompiled user dll's ...
Registered in 0.001886 seconds.
Begin MonoManager ReloadAssembly
Native extension for WindowsStandalone target not found
Refreshing native plugins compatible for Editor in 4.04 ms, found 1 plugins.
Preloading 0 native plugins for Editor in 0.00 ms.
Invoked RoslynAnalysisRunner static constructor.
RoslynAnalysisRunner will not be running.
RoslynAnalysisRunner has terminated.
Mono: successfully reloaded assembly
- Completed reload, in  1.991 seconds
Platform modules already initialized, skipping
Refreshing native plugins compatible for Editor in 0.48 ms, found 1 plugins.
Preloading 0 native plugins for Editor in 0.00 ms.
Unloading 1939 Unused Serialized files (Serialized files now loaded: 0)
System memory in use before: 95.2 MB.
System memory in use after: 94.7 MB.

Unloading 21 unused Assets to reduce memory usage. Loaded Objects now: 2441.
Total: 6.556100 ms (FindLiveObjects: 2.128000 ms CreateObjectMapping: 0.330800 ms MarkObjects: 3.560400 ms  DeleteObjects: 0.531500 ms)

========================================================================
Received Prepare
Registering precompiled user dll's ...
Registered in 0.009958 seconds.
Begin MonoManager ReloadAssembly
Native extension for WindowsStandalone target not found
Refreshing native plugins compatible for Editor in 3.97 ms, found 1 plugins.
Preloading 0 native plugins for Editor in 0.00 ms.
Invoked RoslynAnalysisRunner static constructor.
RoslynAnalysisRunner will not be running.
RoslynAnalysisRunner has terminated.
Mono: successfully reloaded assembly
- Completed reload, in  2.138 seconds
Platform modules already initialized, skipping
Refreshing native plugins compatible for Editor in 0.48 ms, found 1 plugins.
Preloading 0 native plugins for Editor in 0.00 ms.
Unloading 1939 Unused Serialized files (Serialized files now loaded: 0)
System memory in use before: 95.3 MB.
System memory in use after: 94.9 MB.

Unloading 21 unused Assets to reduce memory usage. Loaded Objects now: 2444.
Total: 8.421100 ms (FindLiveObjects: 0.213000 ms CreateObjectMapping: 0.070300 ms MarkObjects: 6.464300 ms  DeleteObjects: 1.666500 ms)

========================================================================
Received Prepare
Registering precompiled user dll's ...
Registered in 0.001636 seconds.
Begin MonoManager ReloadAssembly
Native extension for WindowsStandalone target not found
Refreshing native plugins compatible for Editor in 0.65 ms, found 1 plugins.
Preloading 0 native plugins for Editor in 0.00 ms.
Invoked RoslynAnalysisRunner static constructor.
RoslynAnalysisRunner will not be running.
RoslynAnalysisRunner has terminated.
Mono: successfully reloaded assembly
- Completed reload, in  1.925 seconds
Platform modules already initialized, skipping
Refreshing native plugins compatible for Editor in 0.46 ms, found 1 plugins.
Preloading 0 native plugins for Editor in 0.00 ms.
Unloading 1939 Unused Serialized files (Serialized files now loaded: 0)
System memory in use before: 95.5 MB.
System memory in use after: 95.0 MB.

Unloading 21 unused Assets to reduce memory usage. Loaded Objects now: 2447.
Total: 3.221200 ms (FindLiveObjects: 0.528100 ms CreateObjectMapping: 0.108100 ms MarkObjects: 2.011600 ms  DeleteObjects: 0.571900 ms)

========================================================================
Received Import Request.
  Time since last request: 1971.954093 seconds.
  path: Assets/overPlay/Scripts/Example Scene
  artifactKey: Guid(fe1b2f7d4a7055740a83ad874c319d60) Importer(815301076,1909f56bfc062723c751e8b465ee728b)
Start importing Assets/overPlay/Scripts/Example Scene using Guid(fe1b2f7d4a7055740a83ad874c319d60) Importer(815301076,1909f56bfc062723c751e8b465ee728b)  -> (artifact id: '28fc46762c9045044616f394c64687b0') in 0.046190 seconds
  Import took 0.062688 seconds .

========================================================================
Received Import Request.
  Time since last request: 0.683880 seconds.
  path: Assets/overPlay/Scripts/Core
  artifactKey: Guid(1e3c7cbf9a1f1db419706658d1eb6507) Importer(815301076,1909f56bfc062723c751e8b465ee728b)
Start importing Assets/overPlay/Scripts/Core using Guid(1e3c7cbf9a1f1db419706658d1eb6507) Importer(815301076,1909f56bfc062723c751e8b465ee728b)  -> (artifact id: 'fc4e6c3a7c0a2a511615b00a2e21c284') in 0.044854 seconds
  Import took 0.051596 seconds .

========================================================================
Received Import Request.
  Time since last request: 1.707906 seconds.
  path: Assets/overPlay/Scripts/Modules
  artifactKey: Guid(1487fb3c1791c964792b18e55551fb54) Importer(815301076,1909f56bfc062723c751e8b465ee728b)
Start importing Assets/overPlay/Scripts/Modules using Guid(1487fb3c1791c964792b18e55551fb54) Importer(815301076,1909f56bfc062723c751e8b465ee728b)  -> (artifact id: '2689cb66fbe16110d1133ba8fbed1fe0') in 0.035745 seconds
  Import took 0.053448 seconds .

========================================================================
Received Import Request.
  Time since last request: 6.048026 seconds.
  path: Assets/overPlay/Scripts/Modules/PointerEvents.cs
  artifactKey: Guid(28e0d5770db077f4eaa4270fa82dbde2) Importer(815301076,1909f56bfc062723c751e8b465ee728b)
Start importing Assets/overPlay/Scripts/Modules/PointerEvents.cs using Guid(28e0d5770db077f4eaa4270fa82dbde2) Importer(815301076,1909f56bfc062723c751e8b465ee728b)  -> (artifact id: 'b9e8ec9021dfce3a0d002a407bc9cde8') in 0.057162 seconds
  Import took 0.070305 seconds .

========================================================================
Received Prepare
Registering precompiled user dll's ...
Registered in 0.010727 seconds.
Begin MonoManager ReloadAssembly
Native extension for WindowsStandalone target not found
Refreshing native plugins compatible for Editor in 1.37 ms, found 1 plugins.
Preloading 0 native plugins for Editor in 0.00 ms.
Invoked RoslynAnalysisRunner static constructor.
RoslynAnalysisRunner will not be running.
RoslynAnalysisRunner has terminated.
Mono: successfully reloaded assembly
- Completed reload, in  3.157 seconds
Platform modules already initialized, skipping
Refreshing native plugins compatible for Editor in 0.68 ms, found 1 plugins.
Preloading 0 native plugins for Editor in 0.00 ms.
Unloading 1939 Unused Serialized files (Serialized files now loaded: 0)
System memory in use before: 95.5 MB.
System memory in use after: 95.0 MB.

Unloading 21 unused Assets to reduce memory usage. Loaded Objects now: 2450.
Total: 9.865000 ms (FindLiveObjects: 0.289900 ms CreateObjectMapping: 0.113800 ms MarkObjects: 8.944400 ms  DeleteObjects: 0.514700 ms)

========================================================================
Received Prepare
Registering precompiled user dll's ...
Registered in 0.001660 seconds.
Begin MonoManager ReloadAssembly
Native extension for WindowsStandalone target not found
Refreshing native plugins compatible for Editor in 0.44 ms, found 1 plugins.
Preloading 0 native plugins for Editor in 0.00 ms.
Invoked RoslynAnalysisRunner static constructor.
RoslynAnalysisRunner will not be running.
RoslynAnalysisRunner has terminated.
Mono: successfully reloaded assembly
- Completed reload, in  2.281 seconds
Platform modules already initialized, skipping
Refreshing native plugins compatible for Editor in 0.45 ms, found 1 plugins.
Preloading 0 native plugins for Editor in 0.00 ms.
Unloading 1939 Unused Serialized files (Serialized files now loaded: 0)
System memory in use before: 95.8 MB.
System memory in use after: 95.3 MB.

Unloading 21 unused Assets to reduce memory usage. Loaded Objects now: 2453.
Total: 9.041400 ms (FindLiveObjects: 2.459700 ms CreateObjectMapping: 1.212200 ms MarkObjects: 4.787600 ms  DeleteObjects: 0.580400 ms)

========================================================================
Received Prepare
Registering precompiled user dll's ...
Registered in 0.001878 seconds.
Begin MonoManager ReloadAssembly
Native extension for WindowsStandalone target not found
Refreshing native plugins compatible for Editor in 2.50 ms, found 1 plugins.
Preloading 0 native plugins for Editor in 0.00 ms.
Invoked RoslynAnalysisRunner static constructor.
RoslynAnalysisRunner will not be running.
RoslynAnalysisRunner has terminated.
Mono: successfully reloaded assembly
- Completed reload, in  3.174 seconds
Platform modules already initialized, skipping
Refreshing native plugins compatible for Editor in 3.68 ms, found 1 plugins.
Preloading 0 native plugins for Editor in 0.00 ms.
Unloading 1939 Unused Serialized files (Serialized files now loaded: 0)
System memory in use before: 95.9 MB.
System memory in use after: 95.5 MB.

Unloading 21 unused Assets to reduce memory usage. Loaded Objects now: 2456.
Total: 8.617400 ms (FindLiveObjects: 3.230400 ms CreateObjectMapping: 0.402900 ms MarkObjects: 4.314400 ms  DeleteObjects: 0.661400 ms)

========================================================================
Received Import Request.
  Time since last request: 216.650856 seconds.
  path: Assets/overPlay
  artifactKey: Guid(7c631e4643fe9194fbf76e38ba8c48ae) Importer(815301076,1909f56bfc062723c751e8b465ee728b)
Start importing Assets/overPlay using Guid(7c631e4643fe9194fbf76e38ba8c48ae) Importer(815301076,1909f56bfc062723c751e8b465ee728b)  -> (artifact id: '3f55b3cddc44bdf20668dce1a6334e58') in 0.027122 seconds
  Import took 0.039041 seconds .

========================================================================
Received Import Request.
  Time since last request: 0.012401 seconds.
  path: Assets/overPlay
  artifactKey: Guid(7c631e4643fe9194fbf76e38ba8c48ae) Importer(815301076,1909f56bfc062723c751e8b465ee728b)
Start importing Assets/overPlay using Guid(7c631e4643fe9194fbf76e38ba8c48ae) Importer(815301076,1909f56bfc062723c751e8b465ee728b)  -> (artifact id: '3f55b3cddc44bdf20668dce1a6334e58') in 0.007732 seconds
  Import took 0.017694 seconds .

========================================================================
Received Prepare
Registering precompiled user dll's ...
Registered in 0.004024 seconds.
Begin MonoManager ReloadAssembly
Native extension for WindowsStandalone target not found
Refreshing native plugins compatible for Editor in 1.06 ms, found 1 plugins.
Preloading 0 native plugins for Editor in 0.00 ms.
Invoked RoslynAnalysisRunner static constructor.
RoslynAnalysisRunner will not be running.
RoslynAnalysisRunner has terminated.
Mono: successfully reloaded assembly
- Completed reload, in  2.263 seconds
Platform modules already initialized, skipping
Refreshing native plugins compatible for Editor in 0.66 ms, found 1 plugins.
Preloading 0 native plugins for Editor in 0.00 ms.
Unloading 1980 Unused Serialized files (Serialized files now loaded: 0)
System memory in use before: 97.0 MB.
System memory in use after: 96.6 MB.

Unloading 21 unused Assets to reduce memory usage. Loaded Objects now: 2500.
Total: 7.304400 ms (FindLiveObjects: 0.425400 ms CreateObjectMapping: 0.154700 ms MarkObjects: 5.999300 ms  DeleteObjects: 0.720200 ms)

========================================================================
Received Import Request.
  Time since last request: 46.867868 seconds.
  path: Assets/BaneTools
  artifactKey: Guid(25b4808e434021b42a662b7661e9b17e) Importer(815301076,1909f56bfc062723c751e8b465ee728b)
Start importing Assets/BaneTools using Guid(25b4808e434021b42a662b7661e9b17e) Importer(815301076,1909f56bfc062723c751e8b465ee728b)  -> (artifact id: 'd26309a88bcad3c094aff398998f5415') in 0.026416 seconds
  Import took 0.032463 seconds .

========================================================================
Received Import Request.
  Time since last request: 0.493927 seconds.
  path: Assets/BaneTools/2D
  artifactKey: Guid(d3f8ce84b395ba54eabd4662ee9b3948) Importer(815301076,1909f56bfc062723c751e8b465ee728b)
Start importing Assets/BaneTools/2D using Guid(d3f8ce84b395ba54eabd4662ee9b3948) Importer(815301076,1909f56bfc062723c751e8b465ee728b)  -> (artifact id: '5b63b4be5f9b3d168aba01fdc566677d') in 0.017850 seconds
  Import took 0.024196 seconds .

========================================================================
Received Import Request.
  Time since last request: 0.250579 seconds.
  path: Assets/BaneTools/AI
  artifactKey: Guid(efe21343f063639498c0e9a2cd7bb784) Importer(815301076,1909f56bfc062723c751e8b465ee728b)
Start importing Assets/BaneTools/AI using Guid(efe21343f063639498c0e9a2cd7bb784) Importer(815301076,1909f56bfc062723c751e8b465ee728b)  -> (artifact id: 'e71c08d70e8b62322a74040cb34b677f') in 0.023621 seconds
  Import took 0.032479 seconds .

========================================================================
Received Import Request.
  Time since last request: 0.119068 seconds.
  path: Assets/BaneTools/Cheats
  artifactKey: Guid(308e10ebfaed0434d88147660786d286) Importer(815301076,1909f56bfc062723c751e8b465ee728b)
Start importing Assets/BaneTools/Cheats using Guid(308e10ebfaed0434d88147660786d286) Importer(815301076,1909f56bfc062723c751e8b465ee728b)  -> (artifact id: 'f1c9f9d4855992a4f3a23c7ef38c0ca3') in 0.018477 seconds
  Import took 0.027309 seconds .

========================================================================
Received Import Request.
  Time since last request: 3.200978 seconds.
  path: Assets/BaneTools/Debug
  artifactKey: Guid(7ba8f1583be931f44a8de494e3430296) Importer(815301076,1909f56bfc062723c751e8b465ee728b)
Start importing Assets/BaneTools/Debug using Guid(7ba8f1583be931f44a8de494e3430296) Importer(815301076,1909f56bfc062723c751e8b465ee728b)  -> (artifact id: '30dad403e2124ec1c958f7c4284e9e51') in 0.025532 seconds
  Import took 0.034036 seconds .

========================================================================
Received Import Request.
  Time since last request: 0.002299 seconds.
  path: Assets/BaneTools/Debug
  artifactKey: Guid(7ba8f1583be931f44a8de494e3430296) Importer(815301076,1909f56bfc062723c751e8b465ee728b)
Start importing Assets/BaneTools/Debug using Guid(7ba8f1583be931f44a8de494e3430296) Importer(815301076,1909f56bfc062723c751e8b465ee728b)  -> (artifact id: '30dad403e2124ec1c958f7c4284e9e51') in 0.015104 seconds
  Import took 0.027220 seconds .

========================================================================
Received Import Request.
  Time since last request: 0.121127 seconds.
  path: Assets/BaneTools/Extensions
  artifactKey: Guid(e3ce21578adde8548a703ea4e4275266) Importer(815301076,1909f56bfc062723c751e8b465ee728b)
Start importing Assets/BaneTools/Extensions using Guid(e3ce21578adde8548a703ea4e4275266) Importer(815301076,1909f56bfc062723c751e8b465ee728b)  -> (artifact id: '8bd23e7246f0b5e7c116e6cbf48d41d1') in 0.024612 seconds
  Import took 0.029702 seconds .

========================================================================
Received Import Request.
  Time since last request: 0.129910 seconds.
  path: Assets/BaneTools/Incomplete
  artifactKey: Guid(dd11b22514644044d8f821382e9ab674) Importer(815301076,1909f56bfc062723c751e8b465ee728b)
Start importing Assets/BaneTools/Incomplete using Guid(dd11b22514644044d8f821382e9ab674) Importer(815301076,1909f56bfc062723c751e8b465ee728b)  -> (artifact id: '8b7de7db205c6edff1d022c28c93b39a') in 0.023778 seconds
  Import took 0.032304 seconds .

========================================================================
Received Import Request.
  Time since last request: 0.134536 seconds.
  path: Assets/BaneTools/Menus and UI
  artifactKey: Guid(c4f5835841dd4374193b7663245a3add) Importer(815301076,1909f56bfc062723c751e8b465ee728b)
Start importing Assets/BaneTools/Menus and UI using Guid(c4f5835841dd4374193b7663245a3add) Importer(815301076,1909f56bfc062723c751e8b465ee728b)  -> (artifact id: '9a2b268266f86dad6cdf6bf8925a547e') in 0.018759 seconds
  Import took 0.023637 seconds .

========================================================================
Received Import Request.
  Time since last request: 0.142527 seconds.
  path: Assets/BaneTools/Modules
  artifactKey: Guid(b3dbb90c0d42d184bb200992e2fa18d3) Importer(815301076,1909f56bfc062723c751e8b465ee728b)
Start importing Assets/BaneTools/Modules using Guid(b3dbb90c0d42d184bb200992e2fa18d3) Importer(815301076,1909f56bfc062723c751e8b465ee728b)  -> (artifact id: '4e9fb38daa6a15969af24b9c37c3e7d3') in 0.007618 seconds
  Import took 0.016255 seconds .

========================================================================
Received Import Request.
  Time since last request: 0.475171 seconds.
  path: Assets/BaneTools/Modules/EditorModules
  artifactKey: Guid(14e171c12d4a3b04b94f8a632018035d) Importer(815301076,1909f56bfc062723c751e8b465ee728b)
Start importing Assets/BaneTools/Modules/EditorModules using Guid(14e171c12d4a3b04b94f8a632018035d) Importer(815301076,1909f56bfc062723c751e8b465ee728b)  -> (artifact id: '1f851e1a45b2b95c427a747d63671c89') in 0.020768 seconds
  Import took 0.029062 seconds .

========================================================================
Received Import Request.
  Time since last request: 0.354938 seconds.
  path: Assets/BaneTools/Modules/Object
  artifactKey: Guid(0f2ca23f23de55445867fb87e55b9c24) Importer(815301076,1909f56bfc062723c751e8b465ee728b)
Start importing Assets/BaneTools/Modules/Object using Guid(0f2ca23f23de55445867fb87e55b9c24) Importer(815301076,1909f56bfc062723c751e8b465ee728b)  -> (artifact id: '8081102f2967f93cba7dd0130e59bfb8') in 0.020997 seconds
  Import took 0.032281 seconds .

========================================================================
Received Import Request.
  Time since last request: 0.476396 seconds.
  path: Assets/BaneTools/Modules/Object/Event
  artifactKey: Guid(a597ce90adf770d43b6fe1a35c856c55) Importer(815301076,1909f56bfc062723c751e8b465ee728b)
Start importing Assets/BaneTools/Modules/Object/Event using Guid(a597ce90adf770d43b6fe1a35c856c55) Importer(815301076,1909f56bfc062723c751e8b465ee728b)  -> (artifact id: 'b8ff5d5eb210330bd1274d095af63638') in 0.022137 seconds
  Import took 0.032956 seconds .

========================================================================
Received Import Request.
  Time since last request: 0.253925 seconds.
  path: Assets/BaneTools/Modules/Object/Result
  artifactKey: Guid(fee923552fc7bba47947b9b60b218ee3) Importer(815301076,1909f56bfc062723c751e8b465ee728b)
Start importing Assets/BaneTools/Modules/Object/Result using Guid(fee923552fc7bba47947b9b60b218ee3) Importer(815301076,1909f56bfc062723c751e8b465ee728b)  -> (artifact id: '421229f7acf94029f1c5a50337cd3a66') in 0.023237 seconds
  Import took 0.029590 seconds .

========================================================================
Received Import Request.
  Time since last request: 3.031880 seconds.
  path: Assets/BaneTools/Modules/Object/Event/ObjectClick.cs
  artifactKey: Guid(91b7fca2b74724547a994ea4d5c8d31f) Importer(815301076,1909f56bfc062723c751e8b465ee728b)
Start importing Assets/BaneTools/Modules/Object/Event/ObjectClick.cs using Guid(91b7fca2b74724547a994ea4d5c8d31f) Importer(815301076,1909f56bfc062723c751e8b465ee728b)  -> (artifact id: '524fa737db495e88ac4f483862601009') in 0.019633 seconds
  Import took 0.024521 seconds .

========================================================================
Received Import Request.
  Time since last request: 10.578814 seconds.
  path: Assets/BaneTools/Modules/Object/PermanentObject.cs
  artifactKey: Guid(22e40f91f0427984394d69bd90912d29) Importer(815301076,1909f56bfc062723c751e8b465ee728b)
Start importing Assets/BaneTools/Modules/Object/PermanentObject.cs using Guid(22e40f91f0427984394d69bd90912d29) Importer(815301076,1909f56bfc062723c751e8b465ee728b)  -> (artifact id: '66cdc61f108350d28aea4663b0136cd5') in 0.023175 seconds
  Import took 0.032237 seconds .

========================================================================
Received Prepare
Registering precompiled user dll's ...
Registered in 0.001492 seconds.
Begin MonoManager ReloadAssembly
Native extension for WindowsStandalone target not found
Refreshing native plugins compatible for Editor in 0.44 ms, found 1 plugins.
Preloading 0 native plugins for Editor in 0.00 ms.
Invoked RoslynAnalysisRunner static constructor.
RoslynAnalysisRunner will not be running.
RoslynAnalysisRunner has terminated.
Mono: successfully reloaded assembly
- Completed reload, in  1.428 seconds
Platform modules already initialized, skipping
Refreshing native plugins compatible for Editor in 1.27 ms, found 1 plugins.
Preloading 0 native plugins for Editor in 0.00 ms.
Unloading 1980 Unused Serialized files (Serialized files now loaded: 0)
System memory in use before: 97.2 MB.
System memory in use after: 96.7 MB.

Unloading 21 unused Assets to reduce memory usage. Loaded Objects now: 2503.
Total: 5.945500 ms (FindLiveObjects: 0.254100 ms CreateObjectMapping: 0.065800 ms MarkObjects: 4.988400 ms  DeleteObjects: 0.634900 ms)

========================================================================
Received Prepare
Registering precompiled user dll's ...
Registered in 0.001962 seconds.
Begin MonoManager ReloadAssembly
Native extension for WindowsStandalone target not found
Refreshing native plugins compatible for Editor in 0.55 ms, found 1 plugins.
Preloading 0 native plugins for Editor in 0.00 ms.
Invoked RoslynAnalysisRunner static constructor.
RoslynAnalysisRunner will not be running.
RoslynAnalysisRunner has terminated.
Mono: successfully reloaded assembly
- Completed reload, in  1.329 seconds
Platform modules already initialized, skipping
Refreshing native plugins compatible for Editor in 0.43 ms, found 1 plugins.
Preloading 0 native plugins for Editor in 0.00 ms.
Unloading 1980 Unused Serialized files (Serialized files now loaded: 0)
System memory in use before: 97.3 MB.
System memory in use after: 96.8 MB.

Unloading 21 unused Assets to reduce memory usage. Loaded Objects now: 2506.
Total: 3.014300 ms (FindLiveObjects: 0.237200 ms CreateObjectMapping: 0.073400 ms MarkObjects: 1.887500 ms  DeleteObjects: 0.815000 ms)

========================================================================
Received Prepare
Registering precompiled user dll's ...
Registered in 0.001817 seconds.
Begin MonoManager ReloadAssembly
Native extension for WindowsStandalone target not found
Refreshing native plugins compatible for Editor in 0.48 ms, found 1 plugins.
Preloading 0 native plugins for Editor in 0.00 ms.
Invoked RoslynAnalysisRunner static constructor.
RoslynAnalysisRunner will not be running.
RoslynAnalysisRunner has terminated.
Mono: successfully reloaded assembly
- Completed reload, in  0.953 seconds
Platform modules already initialized, skipping
Refreshing native plugins compatible for Editor in 0.51 ms, found 1 plugins.
Preloading 0 native plugins for Editor in 0.00 ms.
Unloading 1980 Unused Serialized files (Serialized files now loaded: 0)
System memory in use before: 97.5 MB.
System memory in use after: 97.0 MB.

Unloading 21 unused Assets to reduce memory usage. Loaded Objects now: 2509.
Total: 3.159700 ms (FindLiveObjects: 0.200800 ms CreateObjectMapping: 0.101800 ms MarkObjects: 2.255000 ms  DeleteObjects: 0.600700 ms)

========================================================================
Received Prepare
Refreshing native plugins compatible for Editor in 2.00 ms, found 1 plugins.
Preloading 0 native plugins for Editor in 0.00 ms.
Unloading 19 Unused Serialized files (Serialized files now loaded: 0)
System memory in use before: 58.8 MB.
System memory in use after: 58.3 MB.

Unloading 19 unused Assets to reduce memory usage. Loaded Objects now: 2509.
Total: 3.392800 ms (FindLiveObjects: 0.283600 ms CreateObjectMapping: 0.104600 ms MarkObjects: 2.600000 ms  DeleteObjects: 0.402700 ms)

========================================================================
Received Prepare
Refreshing native plugins compatible for Editor in 1.86 ms, found 1 plugins.
Preloading 0 native plugins for Editor in 0.00 ms.
Unloading 19 Unused Serialized files (Serialized files now loaded: 0)
System memory in use before: 58.0 MB.
System memory in use after: 57.6 MB.

Unloading 19 unused Assets to reduce memory usage. Loaded Objects now: 2509.
Total: 3.987800 ms (FindLiveObjects: 0.259500 ms CreateObjectMapping: 0.082900 ms MarkObjects: 3.245100 ms  DeleteObjects: 0.398900 ms)

========================================================================
Received Prepare
Registering precompiled user dll's ...
Registered in 0.001413 seconds.
Begin MonoManager ReloadAssembly
Native extension for WindowsStandalone target not found
Refreshing native plugins compatible for Editor in 0.42 ms, found 1 plugins.
Preloading 0 native plugins for Editor in 0.00 ms.
Invoked RoslynAnalysisRunner static constructor.
RoslynAnalysisRunner will not be running.
RoslynAnalysisRunner has terminated.
Mono: successfully reloaded assembly
- Completed reload, in  1.008 seconds
Platform modules already initialized, skipping
Refreshing native plugins compatible for Editor in 0.44 ms, found 1 plugins.
Preloading 0 native plugins for Editor in 0.00 ms.
Unloading 1980 Unused Serialized files (Serialized files now loaded: 0)
System memory in use before: 96.9 MB.
System memory in use after: 96.5 MB.

Unloading 21 unused Assets to reduce memory usage. Loaded Objects now: 2512.
Total: 4.985200 ms (FindLiveObjects: 0.404800 ms CreateObjectMapping: 0.172100 ms MarkObjects: 3.553300 ms  DeleteObjects: 0.852900 ms)

========================================================================
Received Prepare
Registering precompiled user dll's ...
Registered in 0.001451 seconds.
Begin MonoManager ReloadAssembly
Native extension for WindowsStandalone target not found
Refreshing native plugins compatible for Editor in 0.41 ms, found 1 plugins.
Preloading 0 native plugins for Editor in 0.00 ms.
Invoked RoslynAnalysisRunner static constructor.
RoslynAnalysisRunner will not be running.
RoslynAnalysisRunner has terminated.
Mono: successfully reloaded assembly
- Completed reload, in  0.977 seconds
Platform modules already initialized, skipping
Refreshing native plugins compatible for Editor in 0.62 ms, found 1 plugins.
Preloading 0 native plugins for Editor in 0.00 ms.
Unloading 1980 Unused Serialized files (Serialized files now loaded: 0)
System memory in use before: 97.1 MB.
System memory in use after: 96.6 MB.

Unloading 21 unused Assets to reduce memory usage. Loaded Objects now: 2515.
Total: 2.565600 ms (FindLiveObjects: 0.264600 ms CreateObjectMapping: 0.076600 ms MarkObjects: 1.814100 ms  DeleteObjects: 0.409400 ms)

========================================================================
Received Prepare
Refreshing native plugins compatible for Editor in 2.14 ms, found 1 plugins.
Preloading 0 native plugins for Editor in 0.00 ms.
Unloading 19 Unused Serialized files (Serialized files now loaded: 0)
System memory in use before: 58.5 MB.
System memory in use after: 58.0 MB.

Unloading 19 unused Assets to reduce memory usage. Loaded Objects now: 2515.
Total: 2.732500 ms (FindLiveObjects: 0.341800 ms CreateObjectMapping: 0.121200 ms MarkObjects: 1.923200 ms  DeleteObjects: 0.345000 ms)

========================================================================
Received Prepare
Registering precompiled user dll's ...
Registered in 0.001520 seconds.
Begin MonoManager ReloadAssembly
Native extension for WindowsStandalone target not found
Refreshing native plugins compatible for Editor in 0.57 ms, found 1 plugins.
Preloading 0 native plugins for Editor in 0.00 ms.
Invoked RoslynAnalysisRunner static constructor.
RoslynAnalysisRunner will not be running.
RoslynAnalysisRunner has terminated.
Mono: successfully reloaded assembly
- Completed reload, in  1.026 seconds
Platform modules already initialized, skipping
Refreshing native plugins compatible for Editor in 0.48 ms, found 1 plugins.
Preloading 0 native plugins for Editor in 0.00 ms.
Unloading 1980 Unused Serialized files (Serialized files now loaded: 0)
System memory in use before: 97.4 MB.
System memory in use after: 96.9 MB.

Unloading 21 unused Assets to reduce memory usage. Loaded Objects now: 2518.
Total: 3.319300 ms (FindLiveObjects: 0.279100 ms CreateObjectMapping: 0.145900 ms MarkObjects: 2.312100 ms  DeleteObjects: 0.581000 ms)

========================================================================
Received Prepare
Registering precompiled user dll's ...
Registered in 0.001430 seconds.
Begin MonoManager ReloadAssembly
Native extension for WindowsStandalone target not found
Refreshing native plugins compatible for Editor in 0.50 ms, found 1 plugins.
Preloading 0 native plugins for Editor in 0.00 ms.
Invoked RoslynAnalysisRunner static constructor.
RoslynAnalysisRunner will not be running.
RoslynAnalysisRunner has terminated.
Mono: successfully reloaded assembly
- Completed reload, in  0.956 seconds
Platform modules already initialized, skipping
Refreshing native plugins compatible for Editor in 0.41 ms, found 1 plugins.
Preloading 0 native plugins for Editor in 0.00 ms.
Unloading 1980 Unused Serialized files (Serialized files now loaded: 0)
System memory in use before: 97.5 MB.
System memory in use after: 97.0 MB.

Unloading 21 unused Assets to reduce memory usage. Loaded Objects now: 2521.
Total: 2.910500 ms (FindLiveObjects: 0.283000 ms CreateObjectMapping: 0.078100 ms MarkObjects: 2.154000 ms  DeleteObjects: 0.394500 ms)

========================================================================
Received Prepare
Registering precompiled user dll's ...
Registered in 0.001477 seconds.
Begin MonoManager ReloadAssembly
Native extension for WindowsStandalone target not found
Refreshing native plugins compatible for Editor in 0.68 ms, found 1 plugins.
Preloading 0 native plugins for Editor in 0.00 ms.
Invoked RoslynAnalysisRunner static constructor.
RoslynAnalysisRunner will not be running.
RoslynAnalysisRunner has terminated.
Mono: successfully reloaded assembly
- Completed reload, in  1.077 seconds
Platform modules already initialized, skipping
Refreshing native plugins compatible for Editor in 0.43 ms, found 1 plugins.
Preloading 0 native plugins for Editor in 0.00 ms.
Unloading 1981 Unused Serialized files (Serialized files now loaded: 0)
System memory in use before: 97.6 MB.
System memory in use after: 97.1 MB.

Unloading 21 unused Assets to reduce memory usage. Loaded Objects now: 2525.
Total: 3.126500 ms (FindLiveObjects: 0.256000 ms CreateObjectMapping: 0.121400 ms MarkObjects: 2.253700 ms  DeleteObjects: 0.494400 ms)

========================================================================
Received Prepare
Registering precompiled user dll's ...
Registered in 0.002168 seconds.
Begin MonoManager ReloadAssembly
Native extension for WindowsStandalone target not found
Refreshing native plugins compatible for Editor in 0.44 ms, found 1 plugins.
Preloading 0 native plugins for Editor in 0.00 ms.
Invoked RoslynAnalysisRunner static constructor.
RoslynAnalysisRunner will not be running.
RoslynAnalysisRunner has terminated.
Mono: successfully reloaded assembly
- Completed reload, in  0.996 seconds
Platform modules already initialized, skipping
Refreshing native plugins compatible for Editor in 0.41 ms, found 1 plugins.
Preloading 0 native plugins for Editor in 0.00 ms.
Unloading 1981 Unused Serialized files (Serialized files now loaded: 0)
System memory in use before: 96.8 MB.
System memory in use after: 96.4 MB.

Unloading 21 unused Assets to reduce memory usage. Loaded Objects now: 2528.
Total: 3.040200 ms (FindLiveObjects: 0.241600 ms CreateObjectMapping: 0.083100 ms MarkObjects: 2.203400 ms  DeleteObjects: 0.510800 ms)

========================================================================
Received Prepare
Registering precompiled user dll's ...
Registered in 0.002016 seconds.
Begin MonoManager ReloadAssembly
Native extension for WindowsStandalone target not found
Refreshing native plugins compatible for Editor in 0.73 ms, found 1 plugins.
Preloading 0 native plugins for Editor in 0.00 ms.
Invoked RoslynAnalysisRunner static constructor.
RoslynAnalysisRunner will not be running.
RoslynAnalysisRunner has terminated.
Mono: successfully reloaded assembly
- Completed reload, in  1.065 seconds
Platform modules already initialized, skipping
Refreshing native plugins compatible for Editor in 0.50 ms, found 1 plugins.
Preloading 0 native plugins for Editor in 0.00 ms.
Unloading 1981 Unused Serialized files (Serialized files now loaded: 0)
System memory in use before: 97.0 MB.
System memory in use after: 96.5 MB.

Unloading 21 unused Assets to reduce memory usage. Loaded Objects now: 2531.
Total: 2.673700 ms (FindLiveObjects: 0.203200 ms CreateObjectMapping: 0.092500 ms MarkObjects: 1.960700 ms  DeleteObjects: 0.416400 ms)

========================================================================
Received Prepare
Registering precompiled user dll's ...
Registered in 0.001482 seconds.
Begin MonoManager ReloadAssembly
Native extension for WindowsStandalone target not found
Refreshing native plugins compatible for Editor in 0.40 ms, found 1 plugins.
Preloading 0 native plugins for Editor in 0.00 ms.
Invoked RoslynAnalysisRunner static constructor.
RoslynAnalysisRunner will not be running.
RoslynAnalysisRunner has terminated.
Mono: successfully reloaded assembly
- Completed reload, in  1.000 seconds
Platform modules already initialized, skipping
Refreshing native plugins compatible for Editor in 0.43 ms, found 1 plugins.
Preloading 0 native plugins for Editor in 0.00 ms.
Unloading 1981 Unused Serialized files (Serialized files now loaded: 0)
System memory in use before: 97.1 MB.
System memory in use after: 96.7 MB.

Unloading 21 unused Assets to reduce memory usage. Loaded Objects now: 2534.
Total: 2.870200 ms (FindLiveObjects: 0.236600 ms CreateObjectMapping: 0.094000 ms MarkObjects: 2.119700 ms  DeleteObjects: 0.418600 ms)

========================================================================
Received Prepare
Registering precompiled user dll's ...
Registered in 0.002355 seconds.
Begin MonoManager ReloadAssembly
Native extension for WindowsStandalone target not found
Refreshing native plugins compatible for Editor in 0.97 ms, found 1 plugins.
Preloading 0 native plugins for Editor in 0.00 ms.
Invoked RoslynAnalysisRunner static constructor.
RoslynAnalysisRunner will not be running.
RoslynAnalysisRunner has terminated.
Mono: successfully reloaded assembly
- Completed reload, in  1.032 seconds
Platform modules already initialized, skipping
Refreshing native plugins compatible for Editor in 0.43 ms, found 1 plugins.
Preloading 0 native plugins for Editor in 0.00 ms.
Unloading 1981 Unused Serialized files (Serialized files now loaded: 0)
System memory in use before: 97.3 MB.
System memory in use after: 96.8 MB.

Unloading 21 unused Assets to reduce memory usage. Loaded Objects now: 2537.
Total: 4.604300 ms (FindLiveObjects: 0.244800 ms CreateObjectMapping: 0.066300 ms MarkObjects: 2.036000 ms  DeleteObjects: 2.256000 ms)

========================================================================
Received Prepare
Registering precompiled user dll's ...
Registered in 0.001862 seconds.
Begin MonoManager ReloadAssembly
Native extension for WindowsStandalone target not found
Refreshing native plugins compatible for Editor in 0.42 ms, found 1 plugins.
Preloading 0 native plugins for Editor in 0.00 ms.
Invoked RoslynAnalysisRunner static constructor.
RoslynAnalysisRunner will not be running.
RoslynAnalysisRunner has terminated.
Mono: successfully reloaded assembly
- Completed reload, in  1.175 seconds
Platform modules already initialized, skipping
Refreshing native plugins compatible for Editor in 0.45 ms, found 1 plugins.
Preloading 0 native plugins for Editor in 0.00 ms.
Unloading 1981 Unused Serialized files (Serialized files now loaded: 0)
System memory in use before: 97.4 MB.
System memory in use after: 97.0 MB.

Unloading 21 unused Assets to reduce memory usage. Loaded Objects now: 2540.
Total: 3.950100 ms (FindLiveObjects: 0.262900 ms CreateObjectMapping: 0.103200 ms MarkObjects: 2.602700 ms  DeleteObjects: 0.980000 ms)

========================================================================
Received Prepare
Registering precompiled user dll's ...
Registered in 0.002286 seconds.
Begin MonoManager ReloadAssembly
Native extension for WindowsStandalone target not found
Refreshing native plugins compatible for Editor in 0.41 ms, found 1 plugins.
Preloading 0 native plugins for Editor in 0.00 ms.
Invoked RoslynAnalysisRunner static constructor.
RoslynAnalysisRunner will not be running.
RoslynAnalysisRunner has terminated.
Mono: successfully reloaded assembly
- Completed reload, in  1.015 seconds
Platform modules already initialized, skipping
Refreshing native plugins compatible for Editor in 0.55 ms, found 1 plugins.
Preloading 0 native plugins for Editor in 0.00 ms.
Unloading 1981 Unused Serialized files (Serialized files now loaded: 0)
System memory in use before: 97.6 MB.
System memory in use after: 97.1 MB.

Unloading 21 unused Assets to reduce memory usage. Loaded Objects now: 2543.
Total: 2.619300 ms (FindLiveObjects: 0.183100 ms CreateObjectMapping: 0.082800 ms MarkObjects: 1.985100 ms  DeleteObjects: 0.366900 ms)

========================================================================
Received Prepare
Registering precompiled user dll's ...
Registered in 0.002106 seconds.
Begin MonoManager ReloadAssembly
Native extension for WindowsStandalone target not found
Refreshing native plugins compatible for Editor in 0.42 ms, found 1 plugins.
Preloading 0 native plugins for Editor in 0.00 ms.
Invoked RoslynAnalysisRunner static constructor.
RoslynAnalysisRunner will not be running.
RoslynAnalysisRunner has terminated.
Mono: successfully reloaded assembly
- Completed reload, in  1.001 seconds
Platform modules already initialized, skipping
Refreshing native plugins compatible for Editor in 0.53 ms, found 1 plugins.
Preloading 0 native plugins for Editor in 0.00 ms.
Unloading 1981 Unused Serialized files (Serialized files now loaded: 0)
System memory in use before: 97.6 MB.
System memory in use after: 97.2 MB.

Unloading 21 unused Assets to reduce memory usage. Loaded Objects now: 2546.
Total: 3.325300 ms (FindLiveObjects: 0.180400 ms CreateObjectMapping: 0.064500 ms MarkObjects: 2.000300 ms  DeleteObjects: 1.078600 ms)

========================================================================
Received Prepare
Registering precompiled user dll's ...
Registered in 0.002358 seconds.
Begin MonoManager ReloadAssembly
Native extension for WindowsStandalone target not found
Refreshing native plugins compatible for Editor in 0.49 ms, found 1 plugins.
Preloading 0 native plugins for Editor in 0.00 ms.
Invoked RoslynAnalysisRunner static constructor.
RoslynAnalysisRunner will not be running.
RoslynAnalysisRunner has terminated.
Mono: successfully reloaded assembly
- Completed reload, in  1.073 seconds
Platform modules already initialized, skipping
Refreshing native plugins compatible for Editor in 0.80 ms, found 1 plugins.
Preloading 0 native plugins for Editor in 0.00 ms.
Unloading 1982 Unused Serialized files (Serialized files now loaded: 0)
System memory in use before: 96.9 MB.
System memory in use after: 96.4 MB.

Unloading 21 unused Assets to reduce memory usage. Loaded Objects now: 2550.
Total: 2.530000 ms (FindLiveObjects: 0.224700 ms CreateObjectMapping: 0.101400 ms MarkObjects: 1.816400 ms  DeleteObjects: 0.386500 ms)

========================================================================
Received Prepare
Registering precompiled user dll's ...
Registered in 0.001448 seconds.
Begin MonoManager ReloadAssembly
Native extension for WindowsStandalone target not found
Refreshing native plugins compatible for Editor in 0.71 ms, found 1 plugins.
Preloading 0 native plugins for Editor in 0.00 ms.
Invoked RoslynAnalysisRunner static constructor.
RoslynAnalysisRunner will not be running.
RoslynAnalysisRunner has terminated.
Mono: successfully reloaded assembly
- Completed reload, in  1.041 seconds
Platform modules already initialized, skipping
Refreshing native plugins compatible for Editor in 0.42 ms, found 1 plugins.
Preloading 0 native plugins for Editor in 0.00 ms.
Unloading 1982 Unused Serialized files (Serialized files now loaded: 0)
System memory in use before: 97.0 MB.
System memory in use after: 96.6 MB.

Unloading 21 unused Assets to reduce memory usage. Loaded Objects now: 2553.
Total: 2.874500 ms (FindLiveObjects: 0.257700 ms CreateObjectMapping: 0.073200 ms MarkObjects: 2.181500 ms  DeleteObjects: 0.361300 ms)

========================================================================
Received Prepare
Registering precompiled user dll's ...
Registered in 0.003830 seconds.
Begin MonoManager ReloadAssembly
Native extension for WindowsStandalone target not found
Refreshing native plugins compatible for Editor in 0.44 ms, found 1 plugins.
Preloading 0 native plugins for Editor in 0.00 ms.
Invoked RoslynAnalysisRunner static constructor.
RoslynAnalysisRunner will not be running.
RoslynAnalysisRunner has terminated.
Mono: successfully reloaded assembly
- Completed reload, in  1.013 seconds
Platform modules already initialized, skipping
Refreshing native plugins compatible for Editor in 0.40 ms, found 1 plugins.
Preloading 0 native plugins for Editor in 0.00 ms.
Unloading 1982 Unused Serialized files (Serialized files now loaded: 0)
System memory in use before: 97.2 MB.
System memory in use after: 96.7 MB.

Unloading 21 unused Assets to reduce memory usage. Loaded Objects now: 2556.
Total: 7.025100 ms (FindLiveObjects: 2.060000 ms CreateObjectMapping: 0.229000 ms MarkObjects: 3.986700 ms  DeleteObjects: 0.747600 ms)

========================================================================
Received Prepare
Registering precompiled user dll's ...
Registered in 0.001420 seconds.
Begin MonoManager ReloadAssembly
Native extension for WindowsStandalone target not found
Refreshing native plugins compatible for Editor in 0.42 ms, found 1 plugins.
Preloading 0 native plugins for Editor in 0.00 ms.
Invoked RoslynAnalysisRunner static constructor.
RoslynAnalysisRunner will not be running.
RoslynAnalysisRunner has terminated.
Mono: successfully reloaded assembly
- Completed reload, in  0.987 seconds
Platform modules already initialized, skipping
Refreshing native plugins compatible for Editor in 0.42 ms, found 1 plugins.
Preloading 0 native plugins for Editor in 0.00 ms.
Unloading 1982 Unused Serialized files (Serialized files now loaded: 0)
System memory in use before: 97.3 MB.
System memory in use after: 96.9 MB.

Unloading 21 unused Assets to reduce memory usage. Loaded Objects now: 2559.
Total: 2.939000 ms (FindLiveObjects: 0.224500 ms CreateObjectMapping: 0.101800 ms MarkObjects: 2.169700 ms  DeleteObjects: 0.442200 ms)

========================================================================
Received Prepare
Registering precompiled user dll's ...
Registered in 0.001557 seconds.
Begin MonoManager ReloadAssembly
Native extension for WindowsStandalone target not found
Refreshing native plugins compatible for Editor in 0.94 ms, found 1 plugins.
Preloading 0 native plugins for Editor in 0.00 ms.
Invoked RoslynAnalysisRunner static constructor.
RoslynAnalysisRunner will not be running.
RoslynAnalysisRunner has terminated.
Mono: successfully reloaded assembly
- Completed reload, in  1.331 seconds
Platform modules already initialized, skipping
Refreshing native plugins compatible for Editor in 0.42 ms, found 1 plugins.
Preloading 0 native plugins for Editor in 0.00 ms.
Unloading 1982 Unused Serialized files (Serialized files now loaded: 0)
System memory in use before: 97.5 MB.
System memory in use after: 97.0 MB.

Unloading 21 unused Assets to reduce memory usage. Loaded Objects now: 2562.
Total: 3.252700 ms (FindLiveObjects: 0.348400 ms CreateObjectMapping: 0.121200 ms MarkObjects: 2.266500 ms  DeleteObjects: 0.515300 ms)

========================================================================
Received Prepare
Registering precompiled user dll's ...
Registered in 0.001550 seconds.
Begin MonoManager ReloadAssembly
Native extension for WindowsStandalone target not found
Refreshing native plugins compatible for Editor in 0.42 ms, found 1 plugins.
Preloading 0 native plugins for Editor in 0.00 ms.
Invoked RoslynAnalysisRunner static constructor.
RoslynAnalysisRunner will not be running.
RoslynAnalysisRunner has terminated.
Mono: successfully reloaded assembly
- Completed reload, in  1.027 seconds
Platform modules already initialized, skipping
Refreshing native plugins compatible for Editor in 0.68 ms, found 1 plugins.
Preloading 0 native plugins for Editor in 0.00 ms.
Unloading 1982 Unused Serialized files (Serialized files now loaded: 0)
System memory in use before: 97.7 MB.
System memory in use after: 97.2 MB.

Unloading 21 unused Assets to reduce memory usage. Loaded Objects now: 2565.
Total: 3.024300 ms (FindLiveObjects: 0.240300 ms CreateObjectMapping: 0.081800 ms MarkObjects: 2.274000 ms  DeleteObjects: 0.427300 ms)

========================================================================
Received Prepare
Registering precompiled user dll's ...
Registered in 0.003356 seconds.
Begin MonoManager ReloadAssembly
Native extension for WindowsStandalone target not found
Refreshing native plugins compatible for Editor in 0.82 ms, found 1 plugins.
Preloading 0 native plugins for Editor in 0.00 ms.
Invoked RoslynAnalysisRunner static constructor.
RoslynAnalysisRunner will not be running.
RoslynAnalysisRunner has terminated.
Mono: successfully reloaded assembly
- Completed reload, in  1.487 seconds
Platform modules already initialized, skipping
Refreshing native plugins compatible for Editor in 0.85 ms, found 1 plugins.
Preloading 0 native plugins for Editor in 0.00 ms.
Unloading 1982 Unused Serialized files (Serialized files now loaded: 0)
System memory in use before: 97.7 MB.
System memory in use after: 97.2 MB.

Unloading 21 unused Assets to reduce memory usage. Loaded Objects now: 2568.
Total: 3.505800 ms (FindLiveObjects: 0.275700 ms CreateObjectMapping: 0.086000 ms MarkObjects: 2.142000 ms  DeleteObjects: 1.001000 ms)

========================================================================
Received Prepare
Registering precompiled user dll's ...
Registered in 0.001433 seconds.
Begin MonoManager ReloadAssembly
Native extension for WindowsStandalone target not found
Refreshing native plugins compatible for Editor in 0.41 ms, found 1 plugins.
Preloading 0 native plugins for Editor in 0.00 ms.
Invoked RoslynAnalysisRunner static constructor.
RoslynAnalysisRunner will not be running.
RoslynAnalysisRunner has terminated.
Mono: successfully reloaded assembly
- Completed reload, in  1.046 seconds
Platform modules already initialized, skipping
Refreshing native plugins compatible for Editor in 0.49 ms, found 1 plugins.
Preloading 0 native plugins for Editor in 0.00 ms.
Unloading 1982 Unused Serialized files (Serialized files now loaded: 0)
System memory in use before: 97.0 MB.
System memory in use after: 96.5 MB.

Unloading 21 unused Assets to reduce memory usage. Loaded Objects now: 2571.
Total: 3.016500 ms (FindLiveObjects: 0.209900 ms CreateObjectMapping: 0.082700 ms MarkObjects: 1.985900 ms  DeleteObjects: 0.737100 ms)

========================================================================
Received Prepare
Registering precompiled user dll's ...
Registered in 0.001717 seconds.
Begin MonoManager ReloadAssembly
Native extension for WindowsStandalone target not found
Refreshing native plugins compatible for Editor in 0.45 ms, found 1 plugins.
Preloading 0 native plugins for Editor in 0.00 ms.
Invoked RoslynAnalysisRunner static constructor.
RoslynAnalysisRunner will not be running.
RoslynAnalysisRunner has terminated.
Mono: successfully reloaded assembly
- Completed reload, in  1.123 seconds
Platform modules already initialized, skipping
Refreshing native plugins compatible for Editor in 0.63 ms, found 1 plugins.
Preloading 0 native plugins for Editor in 0.00 ms.
Unloading 1982 Unused Serialized files (Serialized files now loaded: 0)
System memory in use before: 97.1 MB.
System memory in use after: 96.6 MB.

Unloading 21 unused Assets to reduce memory usage. Loaded Objects now: 2574.
Total: 2.932900 ms (FindLiveObjects: 0.223100 ms CreateObjectMapping: 0.098300 ms MarkObjects: 2.210900 ms  DeleteObjects: 0.399800 ms)

========================================================================
Received Prepare
Registering precompiled user dll's ...
Registered in 0.002137 seconds.
Begin MonoManager ReloadAssembly
Native extension for WindowsStandalone target not found
Refreshing native plugins compatible for Editor in 0.43 ms, found 1 plugins.
Preloading 0 native plugins for Editor in 0.00 ms.
Invoked RoslynAnalysisRunner static constructor.
RoslynAnalysisRunner will not be running.
RoslynAnalysisRunner has terminated.
Mono: successfully reloaded assembly
- Completed reload, in  1.015 seconds
Platform modules already initialized, skipping
Refreshing native plugins compatible for Editor in 0.44 ms, found 1 plugins.
Preloading 0 native plugins for Editor in 0.00 ms.
Unloading 1982 Unused Serialized files (Serialized files now loaded: 0)
System memory in use before: 97.2 MB.
System memory in use after: 96.8 MB.

Unloading 21 unused Assets to reduce memory usage. Loaded Objects now: 2577.
Total: 2.848300 ms (FindLiveObjects: 0.266600 ms CreateObjectMapping: 0.097800 ms MarkObjects: 1.995200 ms  DeleteObjects: 0.487700 ms)

========================================================================
Received Prepare
Registering precompiled user dll's ...
Registered in 0.001506 seconds.
Begin MonoManager ReloadAssembly
Native extension for WindowsStandalone target not found
Refreshing native plugins compatible for Editor in 0.42 ms, found 1 plugins.
Preloading 0 native plugins for Editor in 0.00 ms.
Invoked RoslynAnalysisRunner static constructor.
RoslynAnalysisRunner will not be running.
RoslynAnalysisRunner has terminated.
Mono: successfully reloaded assembly
- Completed reload, in  1.034 seconds
Platform modules already initialized, skipping
Refreshing native plugins compatible for Editor in 0.79 ms, found 1 plugins.
Preloading 0 native plugins for Editor in 0.00 ms.
Unloading 1982 Unused Serialized files (Serialized files now loaded: 0)
System memory in use before: 97.4 MB.
System memory in use after: 96.9 MB.

Unloading 21 unused Assets to reduce memory usage. Loaded Objects now: 2580.
Total: 3.117200 ms (FindLiveObjects: 0.393200 ms CreateObjectMapping: 0.100500 ms MarkObjects: 2.137100 ms  DeleteObjects: 0.485200 ms)

========================================================================
Received Prepare
Refreshing native plugins compatible for Editor in 1.98 ms, found 1 plugins.
Preloading 0 native plugins for Editor in 0.00 ms.
Unloading 19 Unused Serialized files (Serialized files now loaded: 0)
System memory in use before: 58.8 MB.
System memory in use after: 58.3 MB.

Unloading 19 unused Assets to reduce memory usage. Loaded Objects now: 2580.
Total: 2.978600 ms (FindLiveObjects: 0.275600 ms CreateObjectMapping: 0.088500 ms MarkObjects: 2.258100 ms  DeleteObjects: 0.355600 ms)

========================================================================
Received Import Request.
  Time since last request: 2997.657064 seconds.
  path: Assets/overPlay/UI/Graphics/Gradient.png
  artifactKey: Guid(4a44469562caf474f9005e47f7f62a20) Importer(815301076,1909f56bfc062723c751e8b465ee728b)
Start importing Assets/overPlay/UI/Graphics/Gradient.png using Guid(4a44469562caf474f9005e47f7f62a20) Importer(815301076,1909f56bfc062723c751e8b465ee728b)  -> (artifact id: '7a2b3635a31f523831413e0fcbc1c522') in 0.214853 seconds
  Import took 0.222115 seconds .

========================================================================
Received Import Request.
  Time since last request: 1.774993 seconds.
  path: Assets/overPlay/UI/Graphics
  artifactKey: Guid(5d937fd7f1c5c114396b2b63e16df081) Importer(815301076,1909f56bfc062723c751e8b465ee728b)
Start importing Assets/overPlay/UI/Graphics using Guid(5d937fd7f1c5c114396b2b63e16df081) Importer(815301076,1909f56bfc062723c751e8b465ee728b)  -> (artifact id: '237ed281bcd5d0e161a405daf5242ae7') in 0.019231 seconds
  Import took 0.025622 seconds .

========================================================================
Received Import Request.
  Time since last request: 0.479034 seconds.
  path: Assets/overPlay/UI
  artifactKey: Guid(1540597053f6a674486c164e28c1e6bf) Importer(815301076,1909f56bfc062723c751e8b465ee728b)
Start importing Assets/overPlay/UI using Guid(1540597053f6a674486c164e28c1e6bf) Importer(815301076,1909f56bfc062723c751e8b465ee728b)  -> (artifact id: '6243cc119177aef0a5ad28f972ed4ac0') in 0.016865 seconds
  Import took 0.023258 seconds .

========================================================================
Received Import Request.
  Time since last request: 0.548022 seconds.
  path: Assets/overPlay/Scripts/Modules/UIPointerEvents.cs
  artifactKey: Guid(995929c7a48cc794da4d4c0cd290d537) Importer(815301076,1909f56bfc062723c751e8b465ee728b)
Start importing Assets/overPlay/Scripts/Modules/UIPointerEvents.cs using Guid(995929c7a48cc794da4d4c0cd290d537) Importer(815301076,1909f56bfc062723c751e8b465ee728b)  -> (artifact id: '9de1e4934e11b37eb76658c02d517d01') in 0.015432 seconds
  Import took 0.020335 seconds .

========================================================================
Received Import Request.
  Time since last request: 0.154762 seconds.
  path: Assets/overPlay/Scripts/Modules/RotateConstantly.cs
  artifactKey: Guid(d0b87904eacd64a448843d5506291b80) Importer(815301076,1909f56bfc062723c751e8b465ee728b)
Start importing Assets/overPlay/Scripts/Modules/RotateConstantly.cs using Guid(d0b87904eacd64a448843d5506291b80) Importer(815301076,1909f56bfc062723c751e8b465ee728b)  -> (artifact id: '28fbf30ff5cb6a597df38895a9509544') in 0.015433 seconds
  Import took 0.020145 seconds .

========================================================================
Received Import Request.
  Time since last request: 0.268068 seconds.
  path: Assets/overPlay/Scripts/Modules/CursorTracker.cs
  artifactKey: Guid(b924020a1842d1b48869180e7f09d29b) Importer(815301076,1909f56bfc062723c751e8b465ee728b)
Start importing Assets/overPlay/Scripts/Modules/CursorTracker.cs using Guid(b924020a1842d1b48869180e7f09d29b) Importer(815301076,1909f56bfc062723c751e8b465ee728b)  -> (artifact id: 'fe9b40a0ffab1c0499830abd1eca6713') in 0.015967 seconds
  Import took 0.021331 seconds .

========================================================================
Received Import Request.
  Time since last request: 0.113781 seconds.
  path: Assets/overPlay/Scripts/Modules/ApplicationControls.cs
  artifactKey: Guid(bd5035828aff9904298a375921724bb0) Importer(815301076,1909f56bfc062723c751e8b465ee728b)
Start importing Assets/overPlay/Scripts/Modules/ApplicationControls.cs using Guid(bd5035828aff9904298a375921724bb0) Importer(815301076,1909f56bfc062723c751e8b465ee728b)  -> (artifact id: '261bebff55bcb30a4ceef80e183bec27') in 0.013924 seconds
  Import took 0.018599 seconds .

========================================================================
Received Import Request.
  Time since last request: 0.348715 seconds.
  path: Assets/overPlay/Scripts
  artifactKey: Guid(d7cab0f4e8db72943aece7105e2906bd) Importer(815301076,1909f56bfc062723c751e8b465ee728b)
Start importing Assets/overPlay/Scripts using Guid(d7cab0f4e8db72943aece7105e2906bd) Importer(815301076,1909f56bfc062723c751e8b465ee728b)  -> (artifact id: '518b9e11621af91d396b01f659057e33') in 0.015015 seconds
  Import took 0.022794 seconds .

========================================================================
Received Import Request.
  Time since last request: 2.750959 seconds.
  path: Assets/overPlay/Scenes
  artifactKey: Guid(028cab5966d2325489f7a851d222f2ff) Importer(815301076,1909f56bfc062723c751e8b465ee728b)
Start importing Assets/overPlay/Scenes using Guid(028cab5966d2325489f7a851d222f2ff) Importer(815301076,1909f56bfc062723c751e8b465ee728b)  -> (artifact id: 'fbb1651ffe504759f392b45a490275c8') in 0.016168 seconds
  Import took 0.023645 seconds .

========================================================================
Received Import Request.
  Time since last request: 0.002461 seconds.
  path: Assets/overPlay/Scenes
  artifactKey: Guid(028cab5966d2325489f7a851d222f2ff) Importer(815301076,1909f56bfc062723c751e8b465ee728b)
Start importing Assets/overPlay/Scenes using Guid(028cab5966d2325489f7a851d222f2ff) Importer(815301076,1909f56bfc062723c751e8b465ee728b)  -> (artifact id: 'fbb1651ffe504759f392b45a490275c8') in 0.009040 seconds
  Import took 0.015777 seconds .

========================================================================
Received Import Request.
  Time since last request: 1.388275 seconds.
  path: Assets/BaneTools/TheEveryController.cs
  artifactKey: Guid(8affd4a4f2adc82488e2fe835f5d6c9c) Importer(815301076,1909f56bfc062723c751e8b465ee728b)
Start importing Assets/BaneTools/TheEveryController.cs using Guid(8affd4a4f2adc82488e2fe835f5d6c9c) Importer(815301076,1909f56bfc062723c751e8b465ee728b)  -> (artifact id: 'de78b22a8f9352559afbbebed0c1dbe4') in 0.014875 seconds
  Import took 0.021656 seconds .

========================================================================
Received Import Request.
  Time since last request: 5.761220 seconds.
  path: Assets/ScreenPet
  artifactKey: Guid(720b7d2e3113aa340a7c7f9d45f50e42) Importer(815301076,1909f56bfc062723c751e8b465ee728b)
Start importing Assets/ScreenPet using Guid(720b7d2e3113aa340a7c7f9d45f50e42) Importer(815301076,1909f56bfc062723c751e8b465ee728b)  -> (artifact id: 'ecb3aafb34077a85573069385f580119') in 0.019205 seconds
  Import took 0.029650 seconds .

========================================================================
Received Import Request.
  Time since last request: 1.023104 seconds.
  path: Assets/ScreenPet/Animations
  artifactKey: Guid(b98d67442ed02a14c94adb08962cbf63) Importer(815301076,1909f56bfc062723c751e8b465ee728b)
Start importing Assets/ScreenPet/Animations using Guid(b98d67442ed02a14c94adb08962cbf63) Importer(815301076,1909f56bfc062723c751e8b465ee728b)  -> (artifact id: '311fa99bca3ce2e577b204375d510eab') in 0.019188 seconds
  Import took 0.026144 seconds .

========================================================================
Received Import Request.
  Time since last request: 0.271445 seconds.
  path: Assets/ScreenPet/Fonts
  artifactKey: Guid(e16145363100a524bade47a1a1f0db9e) Importer(815301076,1909f56bfc062723c751e8b465ee728b)
Start importing Assets/ScreenPet/Fonts using Guid(e16145363100a524bade47a1a1f0db9e) Importer(815301076,1909f56bfc062723c751e8b465ee728b)  -> (artifact id: '36cac8f1bd6a4e76f30e138a5c695cf1') in 0.016484 seconds
  Import took 0.021791 seconds .

========================================================================
Received Import Request.
  Time since last request: 0.126890 seconds.
  path: Assets/ScreenPet/Prefabs
  artifactKey: Guid(90a4886d5bbeda34b88c0cb492b0cc0a) Importer(815301076,1909f56bfc062723c751e8b465ee728b)
Start importing Assets/ScreenPet/Prefabs using Guid(90a4886d5bbeda34b88c0cb492b0cc0a) Importer(815301076,1909f56bfc062723c751e8b465ee728b)  -> (artifact id: '061e41501ecec16eb9e81fd58bacc8e0') in 0.014718 seconds
  Import took 0.023968 seconds .

========================================================================
Received Import Request.
  Time since last request: 0.135368 seconds.
  path: Assets/ScreenPet/Scenes
  artifactKey: Guid(3f3b112fd7b82cb419b6800ca94d39c3) Importer(815301076,1909f56bfc062723c751e8b465ee728b)
Start importing Assets/ScreenPet/Scenes using Guid(3f3b112fd7b82cb419b6800ca94d39c3) Importer(815301076,1909f56bfc062723c751e8b465ee728b)  -> (artifact id: '659574ea425056810ce7bdf43ec4a5cd') in 0.009586 seconds
  Import took 0.016003 seconds .

========================================================================
Received Import Request.
  Time since last request: 0.567432 seconds.
  path: Assets/ScreenPet/Scripts
  artifactKey: Guid(9b9806be8a33e7842b439f359563edf7) Importer(815301076,1909f56bfc062723c751e8b465ee728b)
Start importing Assets/ScreenPet/Scripts using Guid(9b9806be8a33e7842b439f359563edf7) Importer(815301076,1909f56bfc062723c751e8b465ee728b)  -> (artifact id: 'c2efed42ec908ab4b29fb85e45eb7ba5') in 0.009287 seconds
  Import took 0.015074 seconds .

========================================================================
Received Import Request.
  Time since last request: 184.858000 seconds.
  path: Assets/ScreenPet/Animations/UI/Header/Header.controller
  artifactKey: Guid(2971d1027f3b7a94391d383cd0718d99) Importer(815301076,1909f56bfc062723c751e8b465ee728b)
Start importing Assets/ScreenPet/Animations/UI/Header/Header.controller using Guid(2971d1027f3b7a94391d383cd0718d99) Importer(815301076,1909f56bfc062723c751e8b465ee728b)  -> (artifact id: '3431d61074640ba687708eb24fb6ffa2') in 0.025995 seconds
  Import took 0.033058 seconds .

========================================================================
Received Import Request.
  Time since last request: 0.001629 seconds.
  path: Assets/ScreenPet/Animations/UI/Header/Header.controller
  artifactKey: Guid(2971d1027f3b7a94391d383cd0718d99) Importer(815301076,1909f56bfc062723c751e8b465ee728b)
Start importing Assets/ScreenPet/Animations/UI/Header/Header.controller using Guid(2971d1027f3b7a94391d383cd0718d99) Importer(815301076,1909f56bfc062723c751e8b465ee728b)  -> (artifact id: '3431d61074640ba687708eb24fb6ffa2') in 0.008252 seconds
  Import took 0.015124 seconds .

========================================================================
Received Import Request.
  Time since last request: 9.625657 seconds.
  path: Assets/ScreenPet/Animations/UI/Sidebar/Sidebar.controller
  artifactKey: Guid(b1ca8c9bf31bdf94eb251308eef4ff6b) Importer(815301076,1909f56bfc062723c751e8b465ee728b)
Start importing Assets/ScreenPet/Animations/UI/Sidebar/Sidebar.controller using Guid(b1ca8c9bf31bdf94eb251308eef4ff6b) Importer(815301076,1909f56bfc062723c751e8b465ee728b)  -> (artifact id: '89e64241694bd6578d5c7bee138d79eb') in 0.015256 seconds
  Import took 0.022061 seconds .

========================================================================
Received Import Request.
  Time since last request: 137.720642 seconds.
  path: Assets/ScreenPet/Animations/UI/Sidebar/SidebarAnim.anim
  artifactKey: Guid(fed76af03b23c804ea85438b6ff94fa8) Importer(815301076,1909f56bfc062723c751e8b465ee728b)
Start importing Assets/ScreenPet/Animations/UI/Sidebar/SidebarAnim.anim using Guid(fed76af03b23c804ea85438b6ff94fa8) Importer(815301076,1909f56bfc062723c751e8b465ee728b)  -> (artifact id: '68fccbc32356878e845b78a18f41a6c0') in 0.015172 seconds
  Import took 0.020687 seconds .

========================================================================
Received Prepare
Registering precompiled user dll's ...
Registered in 0.001680 seconds.
Begin MonoManager ReloadAssembly
Native extension for WindowsStandalone target not found
Refreshing native plugins compatible for Editor in 0.64 ms, found 1 plugins.
Preloading 0 native plugins for Editor in 0.00 ms.
Invoked RoslynAnalysisRunner static constructor.
RoslynAnalysisRunner will not be running.
RoslynAnalysisRunner has terminated.
Mono: successfully reloaded assembly
- Completed reload, in  1.028 seconds
Platform modules already initialized, skipping
Refreshing native plugins compatible for Editor in 1.76 ms, found 1 plugins.
Preloading 0 native plugins for Editor in 0.00 ms.
Unloading 1982 Unused Serialized files (Serialized files now loaded: 0)
System memory in use before: 97.7 MB.
System memory in use after: 97.3 MB.

Unloading 21 unused Assets to reduce memory usage. Loaded Objects now: 2586.
Total: 3.182800 ms (FindLiveObjects: 0.276800 ms CreateObjectMapping: 0.105100 ms MarkObjects: 2.338600 ms  DeleteObjects: 0.461200 ms)

========================================================================
Received Prepare
Registering precompiled user dll's ...
Registered in 0.001516 seconds.
Begin MonoManager ReloadAssembly
Native extension for WindowsStandalone target not found
Refreshing native plugins compatible for Editor in 0.42 ms, found 1 plugins.
Preloading 0 native plugins for Editor in 0.00 ms.
Invoked RoslynAnalysisRunner static constructor.
RoslynAnalysisRunner will not be running.
RoslynAnalysisRunner has terminated.
Mono: successfully reloaded assembly
- Completed reload, in  1.021 seconds
Platform modules already initialized, skipping
Refreshing native plugins compatible for Editor in 0.62 ms, found 1 plugins.
Preloading 0 native plugins for Editor in 0.00 ms.
Unloading 1982 Unused Serialized files (Serialized files now loaded: 0)
System memory in use before: 97.8 MB.
System memory in use after: 97.3 MB.

Unloading 21 unused Assets to reduce memory usage. Loaded Objects now: 2589.
Total: 2.776900 ms (FindLiveObjects: 0.248800 ms CreateObjectMapping: 0.095300 ms MarkObjects: 2.024000 ms  DeleteObjects: 0.407800 ms)

========================================================================
Received Prepare
Registering precompiled user dll's ...
Registered in 0.001920 seconds.
Begin MonoManager ReloadAssembly
Native extension for WindowsStandalone target not found
Refreshing native plugins compatible for Editor in 1.11 ms, found 1 plugins.
Preloading 0 native plugins for Editor in 0.00 ms.
Invoked RoslynAnalysisRunner static constructor.
RoslynAnalysisRunner will not be running.
RoslynAnalysisRunner has terminated.
Mono: successfully reloaded assembly
- Completed reload, in  1.052 seconds
Platform modules already initialized, skipping
Refreshing native plugins compatible for Editor in 0.58 ms, found 1 plugins.
Preloading 0 native plugins for Editor in 0.00 ms.
Unloading 1982 Unused Serialized files (Serialized files now loaded: 0)
System memory in use before: 97.0 MB.
System memory in use after: 96.6 MB.

Unloading 21 unused Assets to reduce memory usage. Loaded Objects now: 2592.
Total: 3.277700 ms (FindLiveObjects: 0.265100 ms CreateObjectMapping: 0.079200 ms MarkObjects: 2.475400 ms  DeleteObjects: 0.457100 ms)

========================================================================
Received Prepare
Refreshing native plugins compatible for Editor in 5.40 ms, found 1 plugins.
Preloading 0 native plugins for Editor in 0.00 ms.
Unloading 19 Unused Serialized files (Serialized files now loaded: 0)
System memory in use before: 58.4 MB.
System memory in use after: 57.9 MB.

Unloading 19 unused Assets to reduce memory usage. Loaded Objects now: 2592.
Total: 6.440900 ms (FindLiveObjects: 0.495500 ms CreateObjectMapping: 0.240100 ms MarkObjects: 5.172500 ms  DeleteObjects: 0.531000 ms)

========================================================================
Received Prepare
Registering precompiled user dll's ...
Registered in 0.002426 seconds.
Begin MonoManager ReloadAssembly
Native extension for WindowsStandalone target not found
Refreshing native plugins compatible for Editor in 1.41 ms, found 1 plugins.
Preloading 0 native plugins for Editor in 0.00 ms.
Invoked RoslynAnalysisRunner static constructor.
RoslynAnalysisRunner will not be running.
RoslynAnalysisRunner has terminated.
Mono: successfully reloaded assembly
- Completed reload, in  1.373 seconds
Platform modules already initialized, skipping
Refreshing native plugins compatible for Editor in 1.85 ms, found 1 plugins.
Preloading 0 native plugins for Editor in 0.00 ms.
Unloading 1982 Unused Serialized files (Serialized files now loaded: 0)
System memory in use before: 97.3 MB.
System memory in use after: 96.8 MB.

Unloading 21 unused Assets to reduce memory usage. Loaded Objects now: 2595.
Total: 4.622300 ms (FindLiveObjects: 0.328600 ms CreateObjectMapping: 0.174000 ms MarkObjects: 3.734400 ms  DeleteObjects: 0.383800 ms)

========================================================================
Received Prepare
Registering precompiled user dll's ...
Registered in 0.003798 seconds.
Begin MonoManager ReloadAssembly
Native extension for WindowsStandalone target not found
Refreshing native plugins compatible for Editor in 0.43 ms, found 1 plugins.
Preloading 0 native plugins for Editor in 0.00 ms.
Invoked RoslynAnalysisRunner static constructor.
RoslynAnalysisRunner will not be running.
RoslynAnalysisRunner has terminated.
Mono: successfully reloaded assembly
- Completed reload, in  1.415 seconds
Platform modules already initialized, skipping
Refreshing native plugins compatible for Editor in 1.65 ms, found 1 plugins.
Preloading 0 native plugins for Editor in 0.00 ms.
Unloading 1982 Unused Serialized files (Serialized files now loaded: 0)
System memory in use before: 97.5 MB.
System memory in use after: 97.0 MB.

Unloading 21 unused Assets to reduce memory usage. Loaded Objects now: 2598.
Total: 10.434900 ms (FindLiveObjects: 0.228100 ms CreateObjectMapping: 0.064200 ms MarkObjects: 6.525000 ms  DeleteObjects: 3.615100 ms)

========================================================================
Received Import Request.
  Time since last request: 908.603103 seconds.
  path: Assets/ScreenPet/Animations/UI/Sidebar
  artifactKey: Guid(898ae263af653084daa7f487e40d7646) Importer(815301076,1909f56bfc062723c751e8b465ee728b)
Start importing Assets/ScreenPet/Animations/UI/Sidebar using Guid(898ae263af653084daa7f487e40d7646) Importer(815301076,1909f56bfc062723c751e8b465ee728b)  -> (artifact id: '6e3fd3ecb4de6765f163e10318689788') in 0.024637 seconds
  Import took 0.038785 seconds .

========================================================================
Received Import Request.
  Time since last request: 0.006492 seconds.
  path: Assets/ScreenPet/Animations/UI/Sidebar
  artifactKey: Guid(898ae263af653084daa7f487e40d7646) Importer(815301076,1909f56bfc062723c751e8b465ee728b)
Start importing Assets/ScreenPet/Animations/UI/Sidebar using Guid(898ae263af653084daa7f487e40d7646) Importer(815301076,1909f56bfc062723c751e8b465ee728b)  -> (artifact id: '6e3fd3ecb4de6765f163e10318689788') in 0.013303 seconds
  Import took 0.026755 seconds .

========================================================================
Received Prepare
Registering precompiled user dll's ...
Registered in 0.002994 seconds.
Begin MonoManager ReloadAssembly
Native extension for WindowsStandalone target not found
Refreshing native plugins compatible for Editor in 0.52 ms, found 1 plugins.
Preloading 0 native plugins for Editor in 0.00 ms.
Invoked RoslynAnalysisRunner static constructor.
RoslynAnalysisRunner will not be running.
RoslynAnalysisRunner has terminated.
Mono: successfully reloaded assembly
- Completed reload, in  1.651 seconds
Platform modules already initialized, skipping
Refreshing native plugins compatible for Editor in 1.43 ms, found 1 plugins.
Preloading 0 native plugins for Editor in 0.00 ms.
Unloading 1982 Unused Serialized files (Serialized files now loaded: 0)
System memory in use before: 97.6 MB.
System memory in use after: 97.1 MB.

Unloading 21 unused Assets to reduce memory usage. Loaded Objects now: 2601.
Total: 8.791500 ms (FindLiveObjects: 0.555200 ms CreateObjectMapping: 0.150400 ms MarkObjects: 7.403800 ms  DeleteObjects: 0.679900 ms)

========================================================================
Received Prepare
Registering precompiled user dll's ...
Registered in 0.002160 seconds.
Begin MonoManager ReloadAssembly
Native extension for WindowsStandalone target not found
Refreshing native plugins compatible for Editor in 0.47 ms, found 1 plugins.
Preloading 0 native plugins for Editor in 0.00 ms.
Invoked RoslynAnalysisRunner static constructor.
RoslynAnalysisRunner will not be running.
RoslynAnalysisRunner has terminated.
Mono: successfully reloaded assembly
- Completed reload, in  1.466 seconds
Platform modules already initialized, skipping
Refreshing native plugins compatible for Editor in 0.69 ms, found 1 plugins.
Preloading 0 native plugins for Editor in 0.00 ms.
Unloading 1982 Unused Serialized files (Serialized files now loaded: 0)
System memory in use before: 97.8 MB.
System memory in use after: 97.3 MB.

Unloading 21 unused Assets to reduce memory usage. Loaded Objects now: 2604.
Total: 2.922800 ms (FindLiveObjects: 0.216700 ms CreateObjectMapping: 0.091600 ms MarkObjects: 2.173400 ms  DeleteObjects: 0.439700 ms)

========================================================================
Received Prepare
Registering precompiled user dll's ...
Registered in 0.001656 seconds.
Begin MonoManager ReloadAssembly
Native extension for WindowsStandalone target not found
Refreshing native plugins compatible for Editor in 0.95 ms, found 1 plugins.
Preloading 0 native plugins for Editor in 0.00 ms.
Invoked RoslynAnalysisRunner static constructor.
RoslynAnalysisRunner will not be running.
RoslynAnalysisRunner has terminated.
Mono: successfully reloaded assembly
- Completed reload, in  1.177 seconds
Platform modules already initialized, skipping
Refreshing native plugins compatible for Editor in 0.64 ms, found 1 plugins.
Preloading 0 native plugins for Editor in 0.00 ms.
Unloading 1982 Unused Serialized files (Serialized files now loaded: 0)
System memory in use before: 97.8 MB.
System memory in use after: 97.4 MB.

Unloading 21 unused Assets to reduce memory usage. Loaded Objects now: 2607.
Total: 4.002500 ms (FindLiveObjects: 0.417000 ms CreateObjectMapping: 0.104500 ms MarkObjects: 2.955000 ms  DeleteObjects: 0.523900 ms)

========================================================================
Received Prepare
Registering precompiled user dll's ...
Registered in 0.001593 seconds.
Begin MonoManager ReloadAssembly
Native extension for WindowsStandalone target not found
Refreshing native plugins compatible for Editor in 2.91 ms, found 1 plugins.
Preloading 0 native plugins for Editor in 0.00 ms.
Invoked RoslynAnalysisRunner static constructor.
RoslynAnalysisRunner will not be running.
RoslynAnalysisRunner has terminated.
Mono: successfully reloaded assembly
- Completed reload, in  1.013 seconds
Platform modules already initialized, skipping
Refreshing native plugins compatible for Editor in 0.46 ms, found 1 plugins.
Preloading 0 native plugins for Editor in 0.00 ms.
Unloading 1982 Unused Serialized files (Serialized files now loaded: 0)
System memory in use before: 97.1 MB.
System memory in use after: 96.6 MB.

Unloading 21 unused Assets to reduce memory usage. Loaded Objects now: 2610.
Total: 2.504900 ms (FindLiveObjects: 0.224300 ms CreateObjectMapping: 0.089400 ms MarkObjects: 1.823500 ms  DeleteObjects: 0.366700 ms)

========================================================================
Received Prepare
Refreshing native plugins compatible for Editor in 2.44 ms, found 1 plugins.
Preloading 0 native plugins for Editor in 0.00 ms.
Unloading 19 Unused Serialized files (Serialized files now loaded: 0)
System memory in use before: 58.4 MB.
System memory in use after: 58.0 MB.

Unloading 19 unused Assets to reduce memory usage. Loaded Objects now: 2610.
Total: 6.106300 ms (FindLiveObjects: 1.196100 ms CreateObjectMapping: 0.881800 ms MarkObjects: 3.492900 ms  DeleteObjects: 0.533700 ms)

========================================================================
Received Import Request.
  Time since last request: 892.603523 seconds.
  path: Assets/overPlay/Prefabs
  artifactKey: Guid(5dae0e4614766e24f956980442f68e6a) Importer(815301076,1909f56bfc062723c751e8b465ee728b)
Start importing Assets/overPlay/Prefabs using Guid(5dae0e4614766e24f956980442f68e6a) Importer(815301076,1909f56bfc062723c751e8b465ee728b)  -> (artifact id: '570dbae4dfa90fda883e52052afe6303') in 0.024850 seconds
  Import took 0.039407 seconds .

========================================================================
Received Import Request.
  Time since last request: 0.113119 seconds.
  path: Assets/overPlay/Readme
  artifactKey: Guid(f35faf042e0c024488d70a149898d0b9) Importer(815301076,1909f56bfc062723c751e8b465ee728b)
Start importing Assets/overPlay/Readme using Guid(f35faf042e0c024488d70a149898d0b9) Importer(815301076,1909f56bfc062723c751e8b465ee728b)  -> (artifact id: '669bdf4f8302e5efcaf67f05d7c33032') in 0.014511 seconds
  Import took 0.025445 seconds .

========================================================================
Received Import Request.
  Time since last request: 2.314369 seconds.
  path: Assets/overPlay/Scripts/Core/Editor
  artifactKey: Guid(7164ff57e88f76845904c9c80334d75b) Importer(815301076,1909f56bfc062723c751e8b465ee728b)
Start importing Assets/overPlay/Scripts/Core/Editor using Guid(7164ff57e88f76845904c9c80334d75b) Importer(815301076,1909f56bfc062723c751e8b465ee728b)  -> (artifact id: '6543de0c2840f36de7f8c372ee69cc18') in 0.030694 seconds
  Import took 0.038180 seconds .

========================================================================
Received Import Request.
  Time since last request: 0.150695 seconds.
  path: Assets/overPlay/Scripts/Core/TransparentWindow.cs
  artifactKey: Guid(f7ce302408dec0041a3d9ff355738a61) Importer(815301076,1909f56bfc062723c751e8b465ee728b)
Start importing Assets/overPlay/Scripts/Core/TransparentWindow.cs using Guid(f7ce302408dec0041a3d9ff355738a61) Importer(815301076,1909f56bfc062723c751e8b465ee728b)  -> (artifact id: '8dcdb38afd252a70caea98cacc6e67e4') in 0.025463 seconds
  Import took 0.040267 seconds .

========================================================================
Received Prepare
Refreshing native plugins compatible for Editor in 1.83 ms, found 1 plugins.
Preloading 0 native plugins for Editor in 0.00 ms.
Unloading 19 Unused Serialized files (Serialized files now loaded: 0)
System memory in use before: 58.6 MB.
System memory in use after: 58.1 MB.

Unloading 19 unused Assets to reduce memory usage. Loaded Objects now: 2610.
Total: 4.651900 ms (FindLiveObjects: 0.530500 ms CreateObjectMapping: 0.210500 ms MarkObjects: 3.478400 ms  DeleteObjects: 0.430300 ms)

========================================================================
Received Prepare
Refreshing native plugins compatible for Editor in 2.12 ms, found 1 plugins.
Preloading 0 native plugins for Editor in 0.00 ms.
Unloading 19 Unused Serialized files (Serialized files now loaded: 0)
System memory in use before: 58.7 MB.
System memory in use after: 58.3 MB.

Unloading 19 unused Assets to reduce memory usage. Loaded Objects now: 2610.
Total: 4.080800 ms (FindLiveObjects: 0.502300 ms CreateObjectMapping: 0.186900 ms MarkObjects: 2.985200 ms  DeleteObjects: 0.404700 ms)

========================================================================
Received Prepare
Registering precompiled user dll's ...
Registered in 0.002097 seconds.
Begin MonoManager ReloadAssembly
Native extension for WindowsStandalone target not found
Refreshing native plugins compatible for Editor in 0.43 ms, found 1 plugins.
Preloading 0 native plugins for Editor in 0.00 ms.
Invoked RoslynAnalysisRunner static constructor.
RoslynAnalysisRunner will not be running.
RoslynAnalysisRunner has terminated.
Mono: successfully reloaded assembly
- Completed reload, in  1.376 seconds
Platform modules already initialized, skipping
Refreshing native plugins compatible for Editor in 0.68 ms, found 1 plugins.
Preloading 0 native plugins for Editor in 0.00 ms.
Unloading 1982 Unused Serialized files (Serialized files now loaded: 0)
System memory in use before: 97.6 MB.
System memory in use after: 97.2 MB.

Unloading 21 unused Assets to reduce memory usage. Loaded Objects now: 2613.
Total: 6.343300 ms (FindLiveObjects: 0.837700 ms CreateObjectMapping: 0.183900 ms MarkObjects: 3.603800 ms  DeleteObjects: 1.712400 ms)

========================================================================
Received Prepare
Registering precompiled user dll's ...
Registered in 0.002037 seconds.
Begin MonoManager ReloadAssembly
Native extension for WindowsStandalone target not found
Refreshing native plugins compatible for Editor in 0.41 ms, found 1 plugins.
Preloading 0 native plugins for Editor in 0.00 ms.
Invoked RoslynAnalysisRunner static constructor.
RoslynAnalysisRunner will not be running.
RoslynAnalysisRunner has terminated.
Mono: successfully reloaded assembly
- Completed reload, in  1.017 seconds
Platform modules already initialized, skipping
Refreshing native plugins compatible for Editor in 0.45 ms, found 1 plugins.
Preloading 0 native plugins for Editor in 0.00 ms.
Unloading 1982 Unused Serialized files (Serialized files now loaded: 0)
System memory in use before: 97.8 MB.
System memory in use after: 97.3 MB.

Unloading 21 unused Assets to reduce memory usage. Loaded Objects now: 2616.
Total: 2.764400 ms (FindLiveObjects: 0.258600 ms CreateObjectMapping: 0.068300 ms MarkObjects: 2.082600 ms  DeleteObjects: 0.354200 ms)

========================================================================
Received Import Request.
  Time since last request: 502.526088 seconds.
  path: Assets/TextMesh Pro/Fonts/LiberationSans.ttf
  artifactKey: Guid(e3265ab4bf004d28a9537516768c1c75) Importer(815301076,1909f56bfc062723c751e8b465ee728b)
Start importing Assets/TextMesh Pro/Fonts/LiberationSans.ttf using Guid(e3265ab4bf004d28a9537516768c1c75) Importer(815301076,1909f56bfc062723c751e8b465ee728b)  -> (artifact id: 'e29caaa32ab86cae3f28b79cefcf6dbd') in 0.126083 seconds
  Import took 0.131710 seconds .

========================================================================
Received Import Request.
  Time since last request: 0.002116 seconds.
  path: Assets/TextMesh Pro/Fonts/LiberationSans.ttf
  artifactKey: Guid(e3265ab4bf004d28a9537516768c1c75) Importer(815301076,1909f56bfc062723c751e8b465ee728b)
Start importing Assets/TextMesh Pro/Fonts/LiberationSans.ttf using Guid(e3265ab4bf004d28a9537516768c1c75) Importer(815301076,1909f56bfc062723c751e8b465ee728b)  -> (artifact id: 'e29caaa32ab86cae3f28b79cefcf6dbd') in 0.022455 seconds
  Import took 0.029183 seconds .

========================================================================
Received Import Request.
  Time since last request: 36.135920 seconds.
  path: Assets/ScreenPet/Sprites/Bird/BirdSprite.png
  artifactKey: Guid(2b2bc4ec1e692b84191298e6c5e1da1f) Importer(815301076,1909f56bfc062723c751e8b465ee728b)
Start importing Assets/ScreenPet/Sprites/Bird/BirdSprite.png using Guid(2b2bc4ec1e692b84191298e6c5e1da1f) Importer(815301076,1909f56bfc062723c751e8b465ee728b)  -> (artifact id: 'b2bce803da61eb807a01054a5efe8274') in 0.067288 seconds
  Import took 0.073444 seconds .

========================================================================
Received Import Request.
  Time since last request: 0.000303 seconds.
  path: Assets/overPlay/UI/Icons/overPlay Icon.png
  artifactKey: Guid(d9efda0d8836108458593eefc8567aa4) Importer(815301076,1909f56bfc062723c751e8b465ee728b)
Start importing Assets/overPlay/UI/Icons/overPlay Icon.png using Guid(d9efda0d8836108458593eefc8567aa4) Importer(815301076,1909f56bfc062723c751e8b465ee728b)  -> (artifact id: '3fe49037c274949fbf040fc0bafecc30') in 0.026609 seconds
  Import took 0.031092 seconds .

========================================================================
Received Import Request.
  Time since last request: 23.920285 seconds.
  path: Assets/ScreenPet/Sprites/Square.png
  artifactKey: Guid(eb2f1fc19164bf34a99a1709743e7b12) Importer(815301076,1909f56bfc062723c751e8b465ee728b)
Start importing Assets/ScreenPet/Sprites/Square.png using Guid(eb2f1fc19164bf34a99a1709743e7b12) Importer(815301076,1909f56bfc062723c751e8b465ee728b)  -> (artifact id: '33c71b1e1738ce83e97828f63f56067b') in 0.024350 seconds
  Import took 0.031160 seconds .

========================================================================
Received Import Request.
  Time since last request: 0.009222 seconds.
  path: Assets/ScreenPet/Sprites/Square.png
  artifactKey: Guid(eb2f1fc19164bf34a99a1709743e7b12) Importer(815301076,1909f56bfc062723c751e8b465ee728b)
Start importing Assets/ScreenPet/Sprites/Square.png using Guid(eb2f1fc19164bf34a99a1709743e7b12) Importer(815301076,1909f56bfc062723c751e8b465ee728b)  -> (artifact id: '33c71b1e1738ce83e97828f63f56067b') in 0.015334 seconds
  Import took 0.021625 seconds .

========================================================================
Received Prepare
Refreshing native plugins compatible for Editor in 1.95 ms, found 1 plugins.
Preloading 0 native plugins for Editor in 0.00 ms.
Unloading 19 Unused Serialized files (Serialized files now loaded: 0)
System memory in use before: 59.3 MB.
System memory in use after: 58.8 MB.

Unloading 19 unused Assets to reduce memory usage. Loaded Objects now: 2621.
Total: 4.560900 ms (FindLiveObjects: 0.563800 ms CreateObjectMapping: 0.319400 ms MarkObjects: 3.307700 ms  DeleteObjects: 0.368700 ms)

